<?xml version="1.0" encoding="UTF-8"?>
<testng-results ignored="0" total="1" passed="1" failed="0" skipped="0">
  <reporter-output>
  </reporter-output>
  <suite started-at="2023-09-05T13:03:35 GFT" name="Default suite" finished-at="2023-09-05T13:03:44 GFT" duration-ms="8710">
    <groups>
    </groups>
    <test started-at="2023-09-05T13:03:35 GFT" name="Default test" finished-at="2023-09-05T13:03:44 GFT" duration-ms="8710">
      <class name="CountNumber">
        <test-method signature="interview()[pri:0, instance:CountNumber@73e22a3d]" started-at="2023-09-05T13:03:35 GFT" name="interview" finished-at="2023-09-05T13:03:43 GFT" duration-ms="8648" status="PASS">
          <reporter-output>
          </reporter-output>
        </test-method> <!-- interview -->
      </class> <!-- CountNumber -->
    </test> <!-- Default test -->
  </suite> <!-- Default suite -->
</testng-results>
