<?xml version="1.0" encoding="UTF-8"?>
<testng-results ignored="0" total="1" passed="1" failed="0" skipped="0">
  <reporter-output>
  </reporter-output>
  <suite started-at="2023-08-31T10:56:35 GFT" name="Default suite" finished-at="2023-08-31T10:56:35 GFT" duration-ms="98">
    <groups>
    </groups>
    <test started-at="2023-08-31T10:56:35 GFT" name="Default test" finished-at="2023-08-31T10:56:35 GFT" duration-ms="98">
      <class name="practice.program1">
        <test-method signature="m1()[pri:0, instance:practice.program1@4229bb3f]" started-at="2023-08-31T10:56:35 GFT" name="m1" finished-at="2023-08-31T10:56:35 GFT" duration-ms="19" status="PASS">
          <reporter-output>
          </reporter-output>
        </test-method> <!-- m1 -->
      </class> <!-- practice.program1 -->
    </test> <!-- Default test -->
  </suite> <!-- Default suite -->
</testng-results>
